************* Module bootstrapvz.plugins.root_password
bootstrapvz/plugins/root_password/__init__.py:1: [W0613(unused-argument), validate_manifest] Unused argument 'error'
bootstrapvz/plugins/root_password/__init__.py:8: [W0403(relative-import), resolve_tasks] Relative import 'tasks', should be 'bootstrapvz.plugins.root_password.tasks'
bootstrapvz/plugins/root_password/__init__.py:6: [W0613(unused-argument), resolve_tasks] Unused argument 'manifest'
************* Module bootstrapvz.plugins.ec2_launch.tasks
bootstrapvz/plugins/ec2_launch/tasks.py:25: [W0212(protected-access), LaunchEC2Instance.run] Access to a protected member _ec2 of a client class
bootstrapvz/plugins/ec2_launch/tasks.py:27: [W0212(protected-access), LaunchEC2Instance.run] Access to a protected member _ec2 of a client class
bootstrapvz/plugins/ec2_launch/tasks.py:35: [W0212(protected-access), LaunchEC2Instance.run] Access to a protected member _ec2 of a client class
bootstrapvz/plugins/ec2_launch/tasks.py:45: [W0212(protected-access), LaunchEC2Instance.run] Access to a protected member _ec2 of a client class
bootstrapvz/plugins/ec2_launch/tasks.py:55: [W0212(protected-access), PrintPublicIPAddress.run] Access to a protected member _ec2 of a client class
bootstrapvz/plugins/ec2_launch/tasks.py:65: [W0212(protected-access), PrintPublicIPAddress.run] Access to a protected member _ec2 of a client class
bootstrapvz/plugins/ec2_launch/tasks.py:70: [W0212(protected-access), PrintPublicIPAddress.run] Access to a protected member _ec2 of a client class
bootstrapvz/plugins/ec2_launch/tasks.py:71: [W0212(protected-access), PrintPublicIPAddress.run] Access to a protected member _ec2 of a client class
bootstrapvz/plugins/ec2_launch/tasks.py:73: [W1201(logging-not-lazy), PrintPublicIPAddress.run] Specify string format arguments as logging function parameters
bootstrapvz/plugins/ec2_launch/tasks.py:74: [W0212(protected-access), PrintPublicIPAddress.run] Access to a protected member _ec2 of a client class
bootstrapvz/plugins/ec2_launch/tasks.py:75: [W0212(protected-access), PrintPublicIPAddress.run] Access to a protected member _ec2 of a client class
bootstrapvz/plugins/ec2_launch/tasks.py:90: [W0212(protected-access), DeregisterAMI.run] Access to a protected member _ec2 of a client class
bootstrapvz/plugins/ec2_launch/tasks.py:98: [W0212(protected-access), DeregisterAMI.run] Access to a protected member _ec2 of a client class
bootstrapvz/plugins/ec2_launch/tasks.py:98: [W0212(protected-access), DeregisterAMI.run] Access to a protected member _ec2 of a client class
bootstrapvz/plugins/ec2_launch/tasks.py:99: [W0212(protected-access), DeregisterAMI.run] Access to a protected member _ec2 of a client class
************* Module bootstrapvz.plugins.ec2_launch
bootstrapvz/plugins/ec2_launch/__init__.py:1: [W0613(unused-argument), validate_manifest] Unused argument 'error'
bootstrapvz/plugins/ec2_launch/__init__.py:7: [W0403(relative-import), resolve_tasks] Relative import 'tasks', should be 'bootstrapvz.plugins.ec2_launch.tasks'
************* Module bootstrapvz.plugins.admin_user.tasks
bootstrapvz/plugins/admin_user/tasks.py:27: [W0612(unused-variable), CheckPublicKeyFile.run] Unused variable 'stderr'
************* Module bootstrapvz.plugins.admin_user
bootstrapvz/plugins/admin_user/__init__.py:1: [W0613(unused-argument), validate_manifest] Unused argument 'error'
bootstrapvz/plugins/admin_user/__init__.py:8: [W0403(relative-import), resolve_tasks] Relative import 'tasks', should be 'bootstrapvz.plugins.admin_user.tasks'
************* Module bootstrapvz.plugins.vagrant.tasks
bootstrapvz/plugins/vagrant/tasks.py:26: [W0212(protected-access), CheckBoxPath.run] Access to a protected member _vagrant of a client class
bootstrapvz/plugins/vagrant/tasks.py:27: [W0212(protected-access), CheckBoxPath.run] Access to a protected member _vagrant of a client class
bootstrapvz/plugins/vagrant/tasks.py:37: [W0212(protected-access), CreateVagrantBoxDir.run] Access to a protected member _vagrant of a client class
bootstrapvz/plugins/vagrant/tasks.py:38: [W0212(protected-access), CreateVagrantBoxDir.run] Access to a protected member _vagrant of a client class
bootstrapvz/plugins/vagrant/tasks.py:126: [W0212(protected-access), PackageBox.run] Access to a protected member _vagrant of a client class
bootstrapvz/plugins/vagrant/tasks.py:135: [W0212(protected-access), PackageBox.run] Access to a protected member _vagrant of a client class
bootstrapvz/plugins/vagrant/tasks.py:140: [W0212(protected-access), PackageBox.run] Access to a protected member _vagrant of a client class
bootstrapvz/plugins/vagrant/tasks.py:143: [W0212(protected-access), PackageBox.run] Access to a protected member _vagrant of a client class
bootstrapvz/plugins/vagrant/tasks.py:146: [W0212(protected-access), PackageBox.run] Access to a protected member _vagrant of a client class
bootstrapvz/plugins/vagrant/tasks.py:149: [W0212(protected-access), PackageBox.run] Access to a protected member _vagrant of a client class
bootstrapvz/plugins/vagrant/tasks.py:149: [W0212(protected-access), PackageBox.run] Access to a protected member _vagrant of a client class
bootstrapvz/plugins/vagrant/tasks.py:153: [W0212(protected-access), PackageBox.run] Access to a protected member _vagrant of a client class
bootstrapvz/plugins/vagrant/tasks.py:156: [R0914(too-many-locals), PackageBox.write_ovf] Too many local variables (25/15)
bootstrapvz/plugins/vagrant/tasks.py:201: [W0212(protected-access), PackageBox.write_ovf] Access to a protected member _vagrant of a client class
bootstrapvz/plugins/vagrant/tasks.py:224: [W0212(protected-access), PackageBox.write_ovf] Access to a protected member _vagrant of a client class
bootstrapvz/plugins/vagrant/tasks.py:229: [W0212(protected-access), PackageBox.write_ovf] Access to a protected member _vagrant of a client class
bootstrapvz/plugins/vagrant/tasks.py:233: [W0612(unused-variable), PackageBox.write_ovf] Unused variable 'nic'
bootstrapvz/plugins/vagrant/tasks.py:255: [W0212(protected-access), RemoveVagrantBoxDir.run] Access to a protected member _vagrant of a client class
bootstrapvz/plugins/vagrant/tasks.py:256: [W0212(protected-access), RemoveVagrantBoxDir.run] Access to a protected member _vagrant of a client class
************* Module bootstrapvz.plugins.vagrant
bootstrapvz/plugins/vagrant/__init__.py:1: [W0403(relative-import), ] Relative import 'tasks', should be 'bootstrapvz.plugins.vagrant.tasks'
bootstrapvz/plugins/vagrant/__init__.py:7: [W0613(unused-argument), validate_manifest] Unused argument 'error'
bootstrapvz/plugins/vagrant/__init__.py:11: [W0613(unused-argument), resolve_tasks] Unused argument 'manifest'
bootstrapvz/plugins/vagrant/__init__.py:31: [W0613(unused-argument), resolve_rollback_tasks] Unused argument 'completed'
bootstrapvz/plugins/vagrant/__init__.py:31: [W0613(unused-argument), resolve_rollback_tasks] Unused argument 'manifest'
************* Module bootstrapvz.plugins.chef
bootstrapvz/plugins/chef/__init__.py:1: [W0403(relative-import), ] Relative import 'tasks', should be 'bootstrapvz.plugins.chef.tasks'
bootstrapvz/plugins/chef/__init__.py:4: [W0613(unused-argument), validate_manifest] Unused argument 'error'
************* Module bootstrapvz.plugins.prebootstrapped.tasks
bootstrapvz/plugins/prebootstrapped/tasks.py:40: [W0212(protected-access), CreateFromSnapshot.run] Access to a protected member _ec2 of a client class
bootstrapvz/plugins/prebootstrapped/tasks.py:42: [W0212(protected-access), CreateFromSnapshot.run] Access to a protected member _ec2 of a client class
bootstrapvz/plugins/prebootstrapped/tasks.py:122: [W0621(redefined-outer-name), set_fs_states] Redefining name 'volume' from outer scope (line 3)
************* Module bootstrapvz.plugins.prebootstrapped
bootstrapvz/plugins/prebootstrapped/__init__.py:1: [W0403(relative-import), ] Relative import 'tasks', should be 'bootstrapvz.plugins.prebootstrapped.tasks'
bootstrapvz/plugins/prebootstrapped/__init__.py:15: [W0613(unused-argument), validate_manifest] Unused argument 'error'
bootstrapvz/plugins/prebootstrapped/__init__.py:46: [W0106(expression-not-assigned), resolve_tasks] Expression "[taskset.discard(task) for task in skip_tasks]" is assigned to nothing
bootstrapvz/plugins/prebootstrapped/__init__.py:52: [W0106(expression-not-assigned), resolve_tasks] Expression "[taskset.discard(task) for task in skip_tasks]" is assigned to nothing
bootstrapvz/plugins/prebootstrapped/__init__.py:58: [W0106(expression-not-assigned), resolve_tasks] Expression "[taskset.discard(task) for task in skip_tasks]" is assigned to nothing
bootstrapvz/plugins/prebootstrapped/__init__.py:63: [W0613(unused-argument), resolve_rollback_tasks] Unused argument 'completed'
************* Module bootstrapvz.plugins.docker_daemon.tasks
bootstrapvz/plugins/docker_daemon/tasks.py:81: [R0914(too-many-locals), PullDockerImages.run] Too many local variables (16/15)
************* Module bootstrapvz.plugins.docker_daemon
bootstrapvz/plugins/docker_daemon/__init__.py:2: [W0403(relative-import), ] Relative import 'tasks', should be 'bootstrapvz.plugins.docker_daemon.tasks'
bootstrapvz/plugins/docker_daemon/__init__.py:29: [C1801(len-as-condition), resolve_tasks] Do not use `len(SEQUENCE)` as condition value
************* Module bootstrapvz.plugins.file_copy.__init__
bootstrapvz/plugins/file_copy/__init__.py:11: [C0325(superfluous-parens), ] Unnecessary parens after 'if' keyword
bootstrapvz/plugins/file_copy/__init__.py:13: [C0325(superfluous-parens), ] Unnecessary parens after 'if' keyword
************* Module bootstrapvz.plugins.file_copy
bootstrapvz/plugins/file_copy/__init__.py:1: [W0403(relative-import), ] Relative import 'tasks', should be 'bootstrapvz.plugins.file_copy.tasks'
bootstrapvz/plugins/file_copy/__init__.py:4: [W0613(unused-argument), validate_manifest] Unused argument 'error'
************* Module bootstrapvz.plugins.ntp.tasks
bootstrapvz/plugins/ntp/tasks.py:25: [W1401(anomalous-backslash-in-string), ] Anomalous backslash in string: '\.'. String constant might be missing an r prefix.
bootstrapvz/plugins/ntp/tasks.py:25: [W1401(anomalous-backslash-in-string), ] Anomalous backslash in string: '\.'. String constant might be missing an r prefix.
bootstrapvz/plugins/ntp/tasks.py:25: [W1401(anomalous-backslash-in-string), ] Anomalous backslash in string: '\.'. String constant might be missing an r prefix.
bootstrapvz/plugins/ntp/tasks.py:25: [W1401(anomalous-backslash-in-string), ] Anomalous backslash in string: '\.'. String constant might be missing an r prefix.
************* Module bootstrapvz.plugins.ntp
bootstrapvz/plugins/ntp/__init__.py:1: [W0613(unused-argument), validate_manifest] Unused argument 'error'
bootstrapvz/plugins/ntp/__init__.py:7: [W0403(relative-import), resolve_tasks] Relative import 'tasks', should be 'bootstrapvz.plugins.ntp.tasks'
************* Module bootstrapvz.plugins.ansible
bootstrapvz/plugins/ansible/__init__.py:1: [W0403(relative-import), ] Relative import 'tasks', should be 'bootstrapvz.plugins.ansible.tasks'
bootstrapvz/plugins/ansible/__init__.py:4: [W0613(unused-argument), validate_manifest] Unused argument 'error'
bootstrapvz/plugins/ansible/__init__.py:9: [W0613(unused-argument), resolve_tasks] Unused argument 'manifest'
************* Module bootstrapvz.plugins.salt
bootstrapvz/plugins/salt/__init__.py:1: [W0403(relative-import), ] Relative import 'tasks', should be 'bootstrapvz.plugins.salt.tasks'
bootstrapvz/plugins/salt/__init__.py:4: [W0613(unused-argument), validate_manifest] Unused argument 'error'
************* Module bootstrapvz.plugins.unattended_upgrades
bootstrapvz/plugins/unattended_upgrades/__init__.py:1: [W0613(unused-argument), validate_manifest] Unused argument 'error'
bootstrapvz/plugins/unattended_upgrades/__init__.py:7: [W0403(relative-import), resolve_tasks] Relative import 'tasks', should be 'bootstrapvz.plugins.unattended_upgrades.tasks'
bootstrapvz/plugins/unattended_upgrades/__init__.py:6: [W0613(unused-argument), resolve_tasks] Unused argument 'manifest'
************* Module bootstrapvz.plugins.pip_install
bootstrapvz/plugins/pip_install/__init__.py:1: [W0403(relative-import), ] Relative import 'tasks', should be 'bootstrapvz.plugins.pip_install.tasks'
bootstrapvz/plugins/pip_install/__init__.py:4: [W0613(unused-argument), validate_manifest] Unused argument 'error'
bootstrapvz/plugins/pip_install/__init__.py:9: [W0613(unused-argument), resolve_tasks] Unused argument 'manifest'
************* Module bootstrapvz.plugins.expand_root
bootstrapvz/plugins/expand_root/__init__.py:1: [W0403(relative-import), ] Relative import 'tasks', should be 'bootstrapvz.plugins.expand_root.tasks'
bootstrapvz/plugins/expand_root/__init__.py:5: [W0613(unused-argument), validate_manifest] Unused argument 'error'
bootstrapvz/plugins/expand_root/__init__.py:9: [W0613(unused-argument), resolve_tasks] Unused argument 'manifest'
************* Module bootstrapvz.plugins.ec2_publish.tasks
bootstrapvz/plugins/ec2_publish/tasks.py:15: [W0212(protected-access), CopyAmiToRegions.run] Access to a protected member _ec2 of a client class
bootstrapvz/plugins/ec2_publish/tasks.py:16: [W0212(protected-access), CopyAmiToRegions.run] Access to a protected member _ec2 of a client class
bootstrapvz/plugins/ec2_publish/tasks.py:17: [W0212(protected-access), CopyAmiToRegions.run] Access to a protected member _ec2 of a client class
bootstrapvz/plugins/ec2_publish/tasks.py:28: [W0212(protected-access), CopyAmiToRegions.run] Access to a protected member _ec2 of a client class
bootstrapvz/plugins/ec2_publish/tasks.py:29: [E0401(import-error), CopyAmiToRegions.run] Unable to import 'boto.ec2'
bootstrapvz/plugins/ec2_publish/tasks.py:40: [W0212(protected-access), CopyAmiToRegions.run] Access to a protected member _ec2 of a client class
bootstrapvz/plugins/ec2_publish/tasks.py:41: [W0212(protected-access), CopyAmiToRegions.run] Access to a protected member _ec2 of a client class
bootstrapvz/plugins/ec2_publish/tasks.py:50: [R0914(too-many-locals), PublishAmiManifest.run] Too many local variables (17/15)
bootstrapvz/plugins/ec2_publish/tasks.py:54: [W0212(protected-access), PublishAmiManifest.run] Access to a protected member _ec2 of a client class
bootstrapvz/plugins/ec2_publish/tasks.py:74: [E0401(import-error), PublishAmiManifest.run] Unable to import 'boto.s3'
bootstrapvz/plugins/ec2_publish/tasks.py:89: [W0212(protected-access), PublishAmi.run] Access to a protected member _ec2 of a client class
bootstrapvz/plugins/ec2_publish/tasks.py:90: [W0212(protected-access), PublishAmi.run] Access to a protected member _ec2 of a client class
************* Module bootstrapvz.plugins.ec2_publish
bootstrapvz/plugins/ec2_publish/__init__.py:1: [W0613(unused-argument), validate_manifest] Unused argument 'error'
bootstrapvz/plugins/ec2_publish/__init__.py:7: [W0403(relative-import), resolve_tasks] Relative import 'tasks', should be 'bootstrapvz.plugins.ec2_publish.tasks'
************* Module bootstrapvz.plugins.cloud_init.tasks
bootstrapvz/plugins/cloud_init/tasks.py:128: [C0325(superfluous-parens), ] Unnecessary parens after 'print' keyword
bootstrapvz/plugins/cloud_init/tasks.py:52: [W1401(anomalous-backslash-in-string), ] Anomalous backslash in string: '\['. String constant might be missing an r prefix.
bootstrapvz/plugins/cloud_init/tasks.py:53: [W1401(anomalous-backslash-in-string), ] Anomalous backslash in string: '\]'. String constant might be missing an r prefix.
bootstrapvz/plugins/cloud_init/tasks.py:96: [W1401(anomalous-backslash-in-string), ] Anomalous backslash in string: '\s'. String constant might be missing an r prefix.
bootstrapvz/plugins/cloud_init/tasks.py:96: [W1401(anomalous-backslash-in-string), ] Anomalous backslash in string: '\s'. String constant might be missing an r prefix.
************* Module bootstrapvz.plugins.cloud_init
bootstrapvz/plugins/cloud_init/__init__.py:7: [W0621(redefined-outer-name), validate_manifest] Redefining name 'rel_path' from outer scope (line 1)
bootstrapvz/plugins/cloud_init/__init__.py:7: [W0404(reimported), validate_manifest] Reimport 'rel_path' (imported line 1)
bootstrapvz/plugins/cloud_init/__init__.py:6: [W0613(unused-argument), validate_manifest] Unused argument 'error'
bootstrapvz/plugins/cloud_init/__init__.py:12: [W0403(relative-import), resolve_tasks] Relative import 'tasks', should be 'bootstrapvz.plugins.cloud_init.tasks'
bootstrapvz/plugins/cloud_init/__init__.py:34: [C1801(len-as-condition), resolve_tasks] Do not use `len(SEQUENCE)` as condition value
************* Module bootstrapvz.plugins.google_cloud_repo
bootstrapvz/plugins/google_cloud_repo/__init__.py:1: [W0403(relative-import), ] Relative import 'tasks', should be 'bootstrapvz.plugins.google_cloud_repo.tasks'
bootstrapvz/plugins/google_cloud_repo/__init__.py:5: [W0613(unused-argument), validate_manifest] Unused argument 'error'
************* Module bootstrapvz.plugins.apt_proxy.tasks
bootstrapvz/plugins/apt_proxy/tasks.py:22: [E1101(no-member), CheckAptProxy.run] Instance of 'Exception' has no 'code' member
bootstrapvz/plugins/apt_proxy/tasks.py:24: [E1101(no-member), CheckAptProxy.run] Instance of 'Exception' has no 'msg' member
************* Module bootstrapvz.plugins.apt_proxy
bootstrapvz/plugins/apt_proxy/__init__.py:1: [W0613(unused-argument), validate_manifest] Unused argument 'error'
bootstrapvz/plugins/apt_proxy/__init__.py:7: [W0403(relative-import), resolve_tasks] Relative import 'tasks', should be 'bootstrapvz.plugins.apt_proxy.tasks'
************* Module bootstrapvz.plugins.commands.tasks
bootstrapvz/plugins/commands/tasks.py:16: [W0110(deprecated-lambda), ImageExecuteCommand.run] map/filter on lambda could be replaced by comprehension
************* Module bootstrapvz.plugins.commands
bootstrapvz/plugins/commands/__init__.py:1: [W0613(unused-argument), validate_manifest] Unused argument 'error'
bootstrapvz/plugins/commands/__init__.py:7: [W0403(relative-import), resolve_tasks] Relative import 'tasks', should be 'bootstrapvz.plugins.commands.tasks'
bootstrapvz/plugins/commands/__init__.py:6: [W0613(unused-argument), resolve_tasks] Unused argument 'manifest'
************* Module bootstrapvz.plugins.debconf
bootstrapvz/plugins/debconf/__init__.py:1: [W0613(unused-argument), validate_manifest] Unused argument 'error'
bootstrapvz/plugins/debconf/__init__.py:11: [W0403(relative-import), resolve_tasks] Relative import 'tasks', should be 'bootstrapvz.plugins.debconf.tasks'
bootstrapvz/plugins/debconf/__init__.py:10: [W0613(unused-argument), resolve_tasks] Unused argument 'manifest'
************* Module bootstrapvz.plugins.minimize_size
bootstrapvz/plugins/minimize_size/__init__.py:1: [W0403(relative-import), ] Relative import 'tasks.mounts', should be 'bootstrapvz.plugins.minimize_size.tasks.mounts'
bootstrapvz/plugins/minimize_size/__init__.py:2: [W0403(relative-import), ] Relative import 'tasks.shrink', should be 'bootstrapvz.plugins.minimize_size.tasks.shrink'
bootstrapvz/plugins/minimize_size/__init__.py:3: [W0403(relative-import), ] Relative import 'tasks.apt', should be 'bootstrapvz.plugins.minimize_size.tasks.apt'
bootstrapvz/plugins/minimize_size/__init__.py:4: [W0403(relative-import), ] Relative import 'tasks.dpkg', should be 'bootstrapvz.plugins.minimize_size.tasks.dpkg'
bootstrapvz/plugins/minimize_size/__init__.py:51: [C1801(len-as-condition), resolve_tasks] Do not use `len(SEQUENCE)` as condition value
bootstrapvz/plugins/minimize_size/__init__.py:59: [W0613(unused-argument), resolve_rollback_tasks] Unused argument 'completed'
bootstrapvz/plugins/minimize_size/__init__.py:59: [W0613(unused-argument), resolve_rollback_tasks] Unused argument 'manifest'
************* Module bootstrapvz.plugins.minimize_size.tasks.dpkg
bootstrapvz/plugins/minimize_size/tasks/dpkg.py:64: [W1401(anomalous-backslash-in-string), ] Anomalous backslash in string: '\|'. String constant might be missing an r prefix.
bootstrapvz/plugins/minimize_size/tasks/dpkg.py:65: [W1401(anomalous-backslash-in-string), ] Anomalous backslash in string: '\+'. String constant might be missing an r prefix.
bootstrapvz/plugins/minimize_size/tasks/dpkg.py:27: [W0212(protected-access), InitializeBootstrapFilterList.run] Access to a protected member _minimize_size of a client class
bootstrapvz/plugins/minimize_size/tasks/dpkg.py:63: [W0212(protected-access), CreateBootstrapFilterScripts.run] Access to a protected member _minimize_size of a client class
bootstrapvz/plugins/minimize_size/tasks/dpkg.py:65: [W0110(deprecated-lambda), CreateBootstrapFilterScripts.run] map/filter on lambda could be replaced by comprehension
bootstrapvz/plugins/minimize_size/tasks/dpkg.py:67: [W0110(deprecated-lambda), CreateBootstrapFilterScripts.run] map/filter on lambda could be replaced by comprehension
bootstrapvz/plugins/minimize_size/tasks/dpkg.py:73: [W0212(protected-access), CreateBootstrapFilterScripts.run] Access to a protected member _minimize_size of a client class
bootstrapvz/plugins/minimize_size/tasks/dpkg.py:89: [W0212(protected-access), FilterLocales.run] Access to a protected member _minimize_size of a client class
bootstrapvz/plugins/minimize_size/tasks/dpkg.py:95: [W0212(protected-access), FilterLocales.run] Access to a protected member _minimize_size of a client class
bootstrapvz/plugins/minimize_size/tasks/dpkg.py:106: [W0110(deprecated-lambda), FilterLocales.run] map/filter on lambda could be replaced by comprehension
bootstrapvz/plugins/minimize_size/tasks/dpkg.py:106: [W0110(deprecated-lambda), FilterLocales.run] map/filter on lambda could be replaced by comprehension
bootstrapvz/plugins/minimize_size/tasks/dpkg.py:121: [W0110(deprecated-lambda), FilterLocales.run] map/filter on lambda could be replaced by comprehension
bootstrapvz/plugins/minimize_size/tasks/dpkg.py:124: [W0110(deprecated-lambda), FilterLocales.run] map/filter on lambda could be replaced by comprehension
bootstrapvz/plugins/minimize_size/tasks/dpkg.py:148: [W0212(protected-access), ExcludeDocs.run] Access to a protected member _minimize_size of a client class
bootstrapvz/plugins/minimize_size/tasks/dpkg.py:163: [W0212(protected-access), DeleteBootstrapFilterScripts.run] Access to a protected member _minimize_size of a client class
bootstrapvz/plugins/minimize_size/tasks/dpkg.py:164: [W0212(protected-access), DeleteBootstrapFilterScripts.run] Access to a protected member _minimize_size of a client class
************* Module bootstrapvz.plugins.minimize_size.tasks.mounts
bootstrapvz/plugins/minimize_size/tasks/mounts.py:17: [W0212(protected-access), AddFolderMounts.run] Access to a protected member _minimize_size of a client class
bootstrapvz/plugins/minimize_size/tasks/mounts.py:19: [W0212(protected-access), AddFolderMounts.run] Access to a protected member _minimize_size of a client class
bootstrapvz/plugins/minimize_size/tasks/mounts.py:21: [W0212(protected-access), AddFolderMounts.run] Access to a protected member _minimize_size of a client class
bootstrapvz/plugins/minimize_size/tasks/mounts.py:40: [W0212(protected-access), RemoveFolderMounts.run] Access to a protected member _minimize_size of a client class
bootstrapvz/plugins/minimize_size/tasks/mounts.py:47: [W0212(protected-access), RemoveFolderMounts.run] Access to a protected member _minimize_size of a client class
bootstrapvz/plugins/minimize_size/tasks/mounts.py:48: [W0212(protected-access), RemoveFolderMounts.run] Access to a protected member _minimize_size of a client class
************* Module bootstrapvz.plugins.minimize_size.tasks.apt
bootstrapvz/plugins/minimize_size/tasks/apt.py:34: [W0110(deprecated-lambda), FilterTranslationFiles.run] map/filter on lambda could be replaced by comprehension
************* Module bootstrapvz.plugins.puppet.tasks
bootstrapvz/plugins/puppet/tasks.py:72: [C0325(superfluous-parens), ] Unnecessary parens after 'if' keyword
bootstrapvz/plugins/puppet/tasks.py:75: [C0325(superfluous-parens), ] Unnecessary parens after 'if' keyword
bootstrapvz/plugins/puppet/tasks.py:78: [C0325(superfluous-parens), ] Unnecessary parens after 'if' keyword
bootstrapvz/plugins/puppet/tasks.py:92: [C0325(superfluous-parens), ] Unnecessary parens after 'if' keyword
bootstrapvz/plugins/puppet/tasks.py:95: [C0325(superfluous-parens), ] Unnecessary parens after 'if' keyword
bootstrapvz/plugins/puppet/tasks.py:98: [C0325(superfluous-parens), ] Unnecessary parens after 'if' keyword
bootstrapvz/plugins/puppet/tasks.py:127: [C0325(superfluous-parens), ] Unnecessary parens after 'if' keyword
bootstrapvz/plugins/puppet/tasks.py:130: [C0325(superfluous-parens), ] Unnecessary parens after 'if' keyword
bootstrapvz/plugins/puppet/tasks.py:175: [W1401(anomalous-backslash-in-string), ] Anomalous backslash in string: '\s'. String constant might be missing an r prefix.
bootstrapvz/plugins/puppet/tasks.py:8: [W0622(redefined-builtin), ] Redefining built-in 'str'
bootstrapvz/plugins/puppet/tasks.py:21: [W0621(redefined-outer-name), CheckRequestedDebianRelease.run] Redefining name 'TaskError' from outer scope (line 5)
bootstrapvz/plugins/puppet/tasks.py:21: [W0404(reimported), CheckRequestedDebianRelease.run] Reimport 'TaskError' (imported line 5)
bootstrapvz/plugins/puppet/tasks.py:34: [W0621(redefined-outer-name), CheckAssetsPath.run] Redefining name 'TaskError' from outer scope (line 5)
bootstrapvz/plugins/puppet/tasks.py:34: [W0404(reimported), CheckAssetsPath.run] Reimport 'TaskError' (imported line 5)
************* Module bootstrapvz.plugins.puppet
bootstrapvz/plugins/puppet/__init__.py:1: [W0403(relative-import), ] Relative import 'tasks', should be 'bootstrapvz.plugins.puppet.tasks'
bootstrapvz/plugins/puppet/__init__.py:4: [W0613(unused-argument), validate_manifest] Unused argument 'error'
************* Module bootstrapvz.plugins.opennebula
bootstrapvz/plugins/opennebula/__init__.py:2: [W0403(relative-import), resolve_tasks] Relative import 'tasks', should be 'bootstrapvz.plugins.opennebula.tasks'
************* Module bootstrapvz.providers.docker
bootstrapvz/providers/docker/__init__.py:4: [W0403(relative-import), ] Relative import 'tasks.commands', should be 'bootstrapvz.providers.docker.tasks.commands'
bootstrapvz/providers/docker/__init__.py:5: [W0403(relative-import), ] Relative import 'tasks.image', should be 'bootstrapvz.providers.docker.tasks.image'
bootstrapvz/providers/docker/__init__.py:8: [W0613(unused-argument), validate_manifest] Unused argument 'error'
bootstrapvz/providers/docker/__init__.py:41: [W0613(unused-argument), resolve_rollback_tasks] Unused argument 'counter_task'
bootstrapvz/providers/docker/__init__.py:41: [W0613(unused-argument), resolve_rollback_tasks] Unused argument 'manifest'
************* Module bootstrapvz.providers.docker.tasks.image
bootstrapvz/providers/docker/tasks/image.py:12: [W0212(protected-access), CreateDockerfileEntry.run] Access to a protected member _docker of a client class
bootstrapvz/providers/docker/tasks/image.py:27: [W0212(protected-access), CreateImage.run] Access to a protected member _docker of a client class
bootstrapvz/providers/docker/tasks/image.py:33: [E0632(unbalanced-tuple-unpacking), CreateImage.run] Possible unbalanced tuple unpacking with sequence defined at line 45 of bootstrapvz.common.tools: left side has 1 label(s), right side has 0 value(s)
bootstrapvz/providers/docker/tasks/image.py:33: [W0212(protected-access), CreateImage.run] Access to a protected member _docker of a client class
bootstrapvz/providers/docker/tasks/image.py:43: [E0401(import-error), PopulateLabels.run] Unable to import 'pyrfc3339'
bootstrapvz/providers/docker/tasks/image.py:60: [W0212(protected-access), PopulateLabels.run] Access to a protected member _docker of a client class
bootstrapvz/providers/docker/tasks/image.py:72: [W0212(protected-access), AppendManifestDockerfile.run] Access to a protected member _docker of a client class
************* Module bootstrapvz.providers.azure
bootstrapvz/providers/azure/__init__.py:2: [W0403(relative-import), ] Relative import 'tasks.packages', should be 'bootstrapvz.providers.azure.tasks.packages'
bootstrapvz/providers/azure/__init__.py:3: [W0403(relative-import), ] Relative import 'tasks.boot', should be 'bootstrapvz.providers.azure.tasks.boot'
bootstrapvz/providers/azure/__init__.py:12: [W0613(unused-argument), validate_manifest] Unused argument 'error'
bootstrapvz/providers/azure/__init__.py:36: [W0613(unused-argument), resolve_rollback_tasks] Unused argument 'counter_task'
bootstrapvz/providers/azure/__init__.py:36: [W0613(unused-argument), resolve_rollback_tasks] Unused argument 'manifest'
************* Module bootstrapvz.providers.oracle.apiclient
bootstrapvz/providers/oracle/apiclient.py:4: [E0401(import-error), ] Unable to import 'requests'
bootstrapvz/providers/oracle/apiclient.py:8: [C1001(old-style-class), OracleStorageAPIClient] Old-style class defined.
bootstrapvz/providers/oracle/apiclient.py:44: [E1101(no-member), OracleStorageAPIClient.chunk_size] Instance of 'OracleStorageAPIClient' has no 'file_path' member
bootstrapvz/providers/oracle/apiclient.py:54: [E1101(no-member), OracleStorageAPIClient.compare_files] Instance of 'OracleStorageAPIClient' has no 'file_path' member
bootstrapvz/providers/oracle/apiclient.py:54: [E1101(no-member), OracleStorageAPIClient.compare_files] Instance of 'OracleStorageAPIClient' has no 'target_file_path' member
bootstrapvz/providers/oracle/apiclient.py:94: [E1101(no-member), OracleStorageAPIClient.download_file] Instance of 'OracleStorageAPIClient' has no 'target_file_path' member
bootstrapvz/providers/oracle/apiclient.py:101: [E1101(no-member), OracleStorageAPIClient.file_name] Instance of 'OracleStorageAPIClient' has no 'file_path' member
bootstrapvz/providers/oracle/apiclient.py:114: [E1101(no-member), OracleStorageAPIClient.upload_file] Instance of 'OracleStorageAPIClient' has no 'file_path' member
************* Module bootstrapvz.providers.oracle
bootstrapvz/providers/oracle/__init__.py:3: [W0403(relative-import), ] Relative import 'tasks.api', should be 'bootstrapvz.providers.oracle.tasks.api'
bootstrapvz/providers/oracle/__init__.py:4: [W0403(relative-import), ] Relative import 'tasks.image', should be 'bootstrapvz.providers.oracle.tasks.image'
bootstrapvz/providers/oracle/__init__.py:5: [W0403(relative-import), ] Relative import 'tasks.network', should be 'bootstrapvz.providers.oracle.tasks.network'
bootstrapvz/providers/oracle/__init__.py:6: [W0403(relative-import), ] Relative import 'tasks.packages', should be 'bootstrapvz.providers.oracle.tasks.packages'
bootstrapvz/providers/oracle/__init__.py:46: [W0613(unused-argument), resolve_rollback_tasks] Unused argument 'counter_task'
bootstrapvz/providers/oracle/__init__.py:46: [W0613(unused-argument), resolve_rollback_tasks] Unused argument 'manifest'
************* Module bootstrapvz.providers.oracle.tasks.api
bootstrapvz/providers/oracle/tasks/api.py:12: [W0212(protected-access), Connect.run] Access to a protected member _oracle of a client class
bootstrapvz/providers/oracle/tasks/api.py:20: [W0104(pointless-statement), Connect.run] Statement seems to have no effect
bootstrapvz/providers/oracle/tasks/api.py:20: [W0212(protected-access), Connect.run] Access to a protected member _oracle of a client class
************* Module bootstrapvz.providers.oracle.tasks.image
bootstrapvz/providers/oracle/tasks/image.py:21: [W0212(protected-access), CreateImageTarball.run] Access to a protected member _oracle of a client class
bootstrapvz/providers/oracle/tasks/image.py:35: [W0212(protected-access), UploadImageTarball.run] Access to a protected member _oracle of a client class
bootstrapvz/providers/oracle/tasks/image.py:35: [W0212(protected-access), UploadImageTarball.run] Access to a protected member _oracle of a client class
bootstrapvz/providers/oracle/tasks/image.py:36: [W0212(protected-access), UploadImageTarball.run] Access to a protected member _oracle of a client class
bootstrapvz/providers/oracle/tasks/image.py:47: [W0212(protected-access), DownloadImageTarball.run] Access to a protected member _oracle of a client class
bootstrapvz/providers/oracle/tasks/image.py:50: [W0212(protected-access), DownloadImageTarball.run] Access to a protected member _oracle of a client class
bootstrapvz/providers/oracle/tasks/image.py:51: [W0212(protected-access), DownloadImageTarball.run] Access to a protected member _oracle of a client class
bootstrapvz/providers/oracle/tasks/image.py:61: [W0212(protected-access), CompareImageTarballs.run] Access to a protected member _oracle of a client class
bootstrapvz/providers/oracle/tasks/image.py:62: [W0212(protected-access), CompareImageTarballs.run] Access to a protected member _oracle of a client class
************* Module bootstrapvz.providers.gce
bootstrapvz/providers/gce/__init__.py:2: [W0403(relative-import), ] Relative import 'tasks.apt', should be 'bootstrapvz.providers.gce.tasks.apt'
bootstrapvz/providers/gce/__init__.py:3: [W0403(relative-import), ] Relative import 'tasks.boot', should be 'bootstrapvz.providers.gce.tasks.boot'
bootstrapvz/providers/gce/__init__.py:4: [W0403(relative-import), ] Relative import 'tasks.configuration', should be 'bootstrapvz.providers.gce.tasks.configuration'
bootstrapvz/providers/gce/__init__.py:5: [W0403(relative-import), ] Relative import 'tasks.image', should be 'bootstrapvz.providers.gce.tasks.image'
bootstrapvz/providers/gce/__init__.py:6: [W0403(relative-import), ] Relative import 'tasks.packages', should be 'bootstrapvz.providers.gce.tasks.packages'
bootstrapvz/providers/gce/__init__.py:11: [W0613(unused-argument), validate_manifest] Unused argument 'error'
bootstrapvz/providers/gce/__init__.py:45: [W0613(unused-argument), resolve_rollback_tasks] Unused argument 'counter_task'
bootstrapvz/providers/gce/__init__.py:45: [W0613(unused-argument), resolve_rollback_tasks] Unused argument 'manifest'
************* Module bootstrapvz.providers.gce.tasks.configuration
bootstrapvz/providers/gce/tasks/configuration.py:18: [W0212(protected-access), GatherReleaseInformation.run] Access to a protected member _gce of a client class
bootstrapvz/providers/gce/tasks/configuration.py:19: [W0212(protected-access), GatherReleaseInformation.run] Access to a protected member _gce of a client class
bootstrapvz/providers/gce/tasks/configuration.py:20: [W0212(protected-access), GatherReleaseInformation.run] Access to a protected member _gce of a client class
************* Module bootstrapvz.providers.gce.tasks.image
bootstrapvz/providers/gce/tasks/image.py:20: [W0212(protected-access), CreateTarball.run] Access to a protected member _gce of a client class
bootstrapvz/providers/gce/tasks/image.py:24: [W0212(protected-access), CreateTarball.run] Access to a protected member _gce of a client class
bootstrapvz/providers/gce/tasks/image.py:25: [W0212(protected-access), CreateTarball.run] Access to a protected member _gce of a client class
bootstrapvz/providers/gce/tasks/image.py:41: [W0212(protected-access), UploadImage.run] Access to a protected member _gce of a client class
bootstrapvz/providers/gce/tasks/image.py:43: [W0212(protected-access), UploadImage.run] Access to a protected member _gce of a client class
bootstrapvz/providers/gce/tasks/image.py:54: [W0212(protected-access), RegisterImage.run] Access to a protected member _gce of a client class
bootstrapvz/providers/gce/tasks/image.py:61: [W0212(protected-access), RegisterImage.run] Access to a protected member _gce of a client class
bootstrapvz/providers/gce/tasks/image.py:63: [W0212(protected-access), RegisterImage.run] Access to a protected member _gce of a client class
************* Module bootstrapvz.providers.virtualbox
bootstrapvz/providers/virtualbox/__init__.py:2: [W0403(relative-import), ] Relative import 'tasks.packages', should be 'bootstrapvz.providers.virtualbox.tasks.packages'
bootstrapvz/providers/virtualbox/__init__.py:3: [W0403(relative-import), ] Relative import 'tasks.boot', should be 'bootstrapvz.providers.virtualbox.tasks.boot'
bootstrapvz/providers/virtualbox/__init__.py:8: [W0613(unused-argument), validate_manifest] Unused argument 'error'
bootstrapvz/providers/virtualbox/__init__.py:25: [W0403(relative-import), resolve_tasks] Relative import 'tasks', should be 'bootstrapvz.providers.virtualbox.tasks'
bootstrapvz/providers/virtualbox/__init__.py:33: [W0613(unused-argument), resolve_rollback_tasks] Unused argument 'counter_task'
bootstrapvz/providers/virtualbox/__init__.py:33: [W0613(unused-argument), resolve_rollback_tasks] Unused argument 'manifest'
************* Module bootstrapvz.providers.virtualbox.tasks.guest_additions
bootstrapvz/providers/virtualbox/tasks/guest_additions.py:55: [R0914(too-many-locals), InstallGuestAdditions.run] Too many local variables (17/15)
************* Module bootstrapvz.providers.kvm
bootstrapvz/providers/kvm/__init__.py:2: [W0403(relative-import), ] Relative import 'tasks.packages', should be 'bootstrapvz.providers.kvm.tasks.packages'
bootstrapvz/providers/kvm/__init__.py:6: [W0613(unused-argument), validate_manifest] Unused argument 'error'
bootstrapvz/providers/kvm/__init__.py:34: [W0403(relative-import), resolve_tasks] Relative import 'tasks', should be 'bootstrapvz.providers.kvm.tasks'
bootstrapvz/providers/kvm/__init__.py:38: [W0613(unused-argument), resolve_rollback_tasks] Unused argument 'manifest'
************* Module bootstrapvz.providers.ec2
bootstrapvz/providers/ec2/__init__.py:2: [W0403(relative-import), ] Relative import 'tasks.packages', should be 'bootstrapvz.providers.ec2.tasks.packages'
bootstrapvz/providers/ec2/__init__.py:3: [W0403(relative-import), ] Relative import 'tasks.connection', should be 'bootstrapvz.providers.ec2.tasks.connection'
bootstrapvz/providers/ec2/__init__.py:4: [W0403(relative-import), ] Relative import 'tasks.host', should be 'bootstrapvz.providers.ec2.tasks.host'
bootstrapvz/providers/ec2/__init__.py:5: [W0403(relative-import), ] Relative import 'tasks.ami', should be 'bootstrapvz.providers.ec2.tasks.ami'
bootstrapvz/providers/ec2/__init__.py:6: [W0403(relative-import), ] Relative import 'tasks.ebs', should be 'bootstrapvz.providers.ec2.tasks.ebs'
bootstrapvz/providers/ec2/__init__.py:7: [W0403(relative-import), ] Relative import 'tasks.filesystem', should be 'bootstrapvz.providers.ec2.tasks.filesystem'
bootstrapvz/providers/ec2/__init__.py:8: [W0403(relative-import), ] Relative import 'tasks.boot', should be 'bootstrapvz.providers.ec2.tasks.boot'
bootstrapvz/providers/ec2/__init__.py:9: [W0403(relative-import), ] Relative import 'tasks.network', should be 'bootstrapvz.providers.ec2.tasks.network'
bootstrapvz/providers/ec2/__init__.py:10: [W0403(relative-import), ] Relative import 'tasks.initd', should be 'bootstrapvz.providers.ec2.tasks.initd'
bootstrapvz/providers/ec2/__init__.py:11: [W0403(relative-import), ] Relative import 'tasks.tuning', should be 'bootstrapvz.providers.ec2.tasks.tuning'
bootstrapvz/providers/ec2/__init__.py:155: [W0613(unused-argument), resolve_rollback_tasks] Unused argument 'manifest'
************* Module bootstrapvz.providers.ec2.ebsvolume
bootstrapvz/providers/ec2/ebsvolume.py:56: [W0613(unused-argument), EBSVolume._before_detach] Unused argument 'e'
bootstrapvz/providers/ec2/ebsvolume.py:71: [W0613(unused-argument), EBSVolume._before_delete] Unused argument 'e'
bootstrapvz/providers/ec2/ebsvolume.py:36: [W0201(attribute-defined-outside-init), EBSVolume._before_attach] Attribute 'ec2_device_path' defined outside __init__
bootstrapvz/providers/ec2/ebsvolume.py:31: [W0201(attribute-defined-outside-init), EBSVolume._before_attach] Attribute 'instance_id' defined outside __init__
bootstrapvz/providers/ec2/ebsvolume.py:76: [W0201(attribute-defined-outside-init), EBSVolume.snapshot] Attribute 'snap_id' defined outside __init__
bootstrapvz/providers/ec2/ebsvolume.py:13: [W0201(attribute-defined-outside-init), EBSVolume._before_create] Attribute 'volume' defined outside __init__
bootstrapvz/providers/ec2/ebsvolume.py:15: [W0201(attribute-defined-outside-init), EBSVolume._before_create] Attribute 'vol_id' defined outside __init__
bootstrapvz/providers/ec2/ebsvolume.py:10: [W0201(attribute-defined-outside-init), EBSVolume._before_create] Attribute 'conn' defined outside __init__
************* Module bootstrapvz.providers.ec2.tasks.boot
bootstrapvz/providers/ec2/tasks/boot.py:56: [W1401(anomalous-backslash-in-string), ] Anomalous backslash in string: '\('. String constant might be missing an r prefix.
bootstrapvz/providers/ec2/tasks/boot.py:56: [W1401(anomalous-backslash-in-string), ] Anomalous backslash in string: '\)'. String constant might be missing an r prefix.
************* Module bootstrapvz.providers.ec2.tasks.host
bootstrapvz/providers/ec2/tasks/host.py:28: [W0212(protected-access), GetInstanceMetadata.run] Access to a protected member _ec2 of a client class
bootstrapvz/providers/ec2/tasks/host.py:29: [W0212(protected-access), GetInstanceMetadata.run] Access to a protected member _ec2 of a client class
bootstrapvz/providers/ec2/tasks/host.py:29: [W0212(protected-access), GetInstanceMetadata.run] Access to a protected member _ec2 of a client class
bootstrapvz/providers/ec2/tasks/host.py:38: [W0212(protected-access), SetRegion.run] Access to a protected member _ec2 of a client class
************* Module bootstrapvz.providers.ec2.tasks.ami
bootstrapvz/providers/ec2/tasks/ami.py:5: [W0403(relative-import), ] Relative import 'ebs', should be 'bootstrapvz.providers.ec2.tasks.ebs'
bootstrapvz/providers/ec2/tasks/ami.py:7: [W0403(relative-import), ] Relative import 'connection', should be 'bootstrapvz.providers.ec2.tasks.connection'
bootstrapvz/providers/ec2/tasks/ami.py:25: [W0212(protected-access), AMIName.run] Access to a protected member _ec2 of a client class
bootstrapvz/providers/ec2/tasks/ami.py:32: [W0212(protected-access), AMIName.run] Access to a protected member _ec2 of a client class
bootstrapvz/providers/ec2/tasks/ami.py:33: [W0212(protected-access), AMIName.run] Access to a protected member _ec2 of a client class
bootstrapvz/providers/ec2/tasks/ami.py:43: [W0212(protected-access), BundleImage.run] Access to a protected member _ec2 of a client class
bootstrapvz/providers/ec2/tasks/ami.py:53: [W0212(protected-access), BundleImage.run] Access to a protected member _ec2 of a client class
bootstrapvz/providers/ec2/tasks/ami.py:54: [W0212(protected-access), BundleImage.run] Access to a protected member _ec2 of a client class
bootstrapvz/providers/ec2/tasks/ami.py:65: [W0212(protected-access), UploadImage.run] Access to a protected member _ec2 of a client class
bootstrapvz/providers/ec2/tasks/ami.py:66: [W0212(protected-access), UploadImage.run] Access to a protected member _ec2 of a client class
bootstrapvz/providers/ec2/tasks/ami.py:67: [W0212(protected-access), UploadImage.run] Access to a protected member _ec2 of a client class
bootstrapvz/providers/ec2/tasks/ami.py:69: [W0212(protected-access), UploadImage.run] Access to a protected member _ec2 of a client class
bootstrapvz/providers/ec2/tasks/ami.py:73: [W0212(protected-access), UploadImage.run] Access to a protected member _ec2 of a client class
bootstrapvz/providers/ec2/tasks/ami.py:74: [W0212(protected-access), UploadImage.run] Access to a protected member _ec2 of a client class
bootstrapvz/providers/ec2/tasks/ami.py:75: [W0212(protected-access), UploadImage.run] Access to a protected member _ec2 of a client class
bootstrapvz/providers/ec2/tasks/ami.py:81: [W0212(protected-access), UploadImage.run] Access to a protected member _ec2 of a client class
bootstrapvz/providers/ec2/tasks/ami.py:93: [W0212(protected-access), RemoveBundle.run] Access to a protected member _ec2 of a client class
bootstrapvz/providers/ec2/tasks/ami.py:94: [W0212(protected-access), RemoveBundle.run] Access to a protected member _ec2 of a client class
bootstrapvz/providers/ec2/tasks/ami.py:105: [W0212(protected-access), RegisterAMI.run] Access to a protected member _ec2 of a client class
bootstrapvz/providers/ec2/tasks/ami.py:106: [W0212(protected-access), RegisterAMI.run] Access to a protected member _ec2 of a client class
bootstrapvz/providers/ec2/tasks/ami.py:114: [W0212(protected-access), RegisterAMI.run] Access to a protected member _ec2 of a client class
bootstrapvz/providers/ec2/tasks/ami.py:126: [W0212(protected-access), RegisterAMI.run] Access to a protected member _ec2 of a client class
bootstrapvz/providers/ec2/tasks/ami.py:142: [W0212(protected-access), RegisterAMI.run] Access to a protected member _ec2 of a client class
bootstrapvz/providers/ec2/tasks/ami.py:148: [W0212(protected-access), RegisterAMI.run] Access to a protected member _ec2 of a client class
bootstrapvz/providers/ec2/tasks/ami.py:148: [W0212(protected-access), RegisterAMI.run] Access to a protected member _ec2 of a client class
bootstrapvz/providers/ec2/tasks/ami.py:159: [W0212(protected-access), RegisterAMI.run] Access to a protected member _ec2 of a client class
bootstrapvz/providers/ec2/tasks/ami.py:160: [W0212(protected-access), RegisterAMI.run] Access to a protected member _ec2 of a client class
************* Module bootstrapvz.providers.ec2.tasks.connection
bootstrapvz/providers/ec2/tasks/connection.py:3: [W0403(relative-import), ] Relative import 'host', should be 'bootstrapvz.providers.ec2.tasks.host'
bootstrapvz/providers/ec2/tasks/connection.py:50: [E0401(import-error), GetCredentials.get_credentials] Unable to import 'boto.provider'
bootstrapvz/providers/ec2/tasks/connection.py:72: [E0401(import-error), Connect.run] Unable to import 'boto3'
bootstrapvz/providers/ec2/tasks/connection.py:81: [W0212(protected-access), Connect.run] Access to a protected member _ec2 of a client class
bootstrapvz/providers/ec2/tasks/connection.py:81: [W0212(protected-access), Connect.run] Access to a protected member _ec2 of a client class
bootstrapvz/providers/ec2/tasks/connection.py:84: [W0212(protected-access), Connect.run] Access to a protected member _ec2 of a client class
bootstrapvz/providers/ec2/tasks/connection.py:85: [W0212(protected-access), Connect.run] Access to a protected member _ec2 of a client class
************* Module bootstrapvz.providers.ec2.tasks.ebs
bootstrapvz/providers/ec2/tasks/ebs.py:11: [W0212(protected-access), Create.run] Access to a protected member _ec2 of a client class
bootstrapvz/providers/ec2/tasks/ebs.py:12: [W0212(protected-access), Create.run] Access to a protected member _ec2 of a client class
bootstrapvz/providers/ec2/tasks/ebs.py:22: [W0212(protected-access), Attach.run] Access to a protected member _ec2 of a client class
bootstrapvz/providers/ec2/tasks/ebs.py:31: [W0212(protected-access), Snapshot.run] Access to a protected member _ec2 of a client class
bootstrapvz/providers/ec2/tasks/ebs.py:41: [W0212(protected-access), Snapshot.run] Access to a protected member _ec2 of a client class
bootstrapvz/providers/ec2/tasks/ebs.py:42: [W0212(protected-access), Snapshot.run] Access to a protected member _ec2 of a client class
************* Module bootstrapvz.common.task_groups
bootstrapvz/common/task_groups.py:1: [W0403(relative-import), ] Relative import 'tasks', should be 'bootstrapvz.common.tasks'
bootstrapvz/common/task_groups.py:2: [W0403(relative-import), ] Relative import 'tasks', should be 'bootstrapvz.common.tasks'
bootstrapvz/common/task_groups.py:3: [W0403(relative-import), ] Relative import 'tasks', should be 'bootstrapvz.common.tasks'
bootstrapvz/common/task_groups.py:4: [W0403(relative-import), ] Relative import 'tasks', should be 'bootstrapvz.common.tasks'
bootstrapvz/common/task_groups.py:5: [W0403(relative-import), ] Relative import 'tasks', should be 'bootstrapvz.common.tasks'
bootstrapvz/common/task_groups.py:6: [W0403(relative-import), ] Relative import 'tasks', should be 'bootstrapvz.common.tasks'
bootstrapvz/common/task_groups.py:7: [W0403(relative-import), ] Relative import 'tasks', should be 'bootstrapvz.common.tasks'
bootstrapvz/common/task_groups.py:8: [W0403(relative-import), ] Relative import 'tasks', should be 'bootstrapvz.common.tasks'
bootstrapvz/common/task_groups.py:9: [W0403(relative-import), ] Relative import 'tasks', should be 'bootstrapvz.common.tasks'
bootstrapvz/common/task_groups.py:10: [W0403(relative-import), ] Relative import 'tasks', should be 'bootstrapvz.common.tasks'
bootstrapvz/common/task_groups.py:11: [W0403(relative-import), ] Relative import 'tasks', should be 'bootstrapvz.common.tasks'
bootstrapvz/common/task_groups.py:12: [W0403(relative-import), ] Relative import 'tasks', should be 'bootstrapvz.common.tasks'
bootstrapvz/common/task_groups.py:13: [W0403(relative-import), ] Relative import 'tasks', should be 'bootstrapvz.common.tasks'
bootstrapvz/common/task_groups.py:14: [W0403(relative-import), ] Relative import 'tasks', should be 'bootstrapvz.common.tasks'
bootstrapvz/common/task_groups.py:15: [W0403(relative-import), ] Relative import 'tasks', should be 'bootstrapvz.common.tasks'
bootstrapvz/common/task_groups.py:16: [W0403(relative-import), ] Relative import 'tasks', should be 'bootstrapvz.common.tasks'
bootstrapvz/common/task_groups.py:17: [W0403(relative-import), ] Relative import 'tasks', should be 'bootstrapvz.common.tasks'
bootstrapvz/common/task_groups.py:18: [W0403(relative-import), ] Relative import 'tasks', should be 'bootstrapvz.common.tasks'
bootstrapvz/common/task_groups.py:19: [W0403(relative-import), ] Relative import 'tasks', should be 'bootstrapvz.common.tasks'
************* Module bootstrapvz.common.fsm_proxy
bootstrapvz/common/fsm_proxy.py:3: [E0401(import-error), FSMProxy.__init__] Unable to import 'fysom'
bootstrapvz/common/fsm_proxy.py:36: [C1801(len-as-condition), FSMProxy.attach_proxy_methods.make_proxy.proxy] Do not use `len(SEQUENCE)` as condition value
************* Module bootstrapvz.common.tools
bootstrapvz/common/tools.py:17: [R0914(too-many-locals), log_call] Too many local variables (19/15)
bootstrapvz/common/tools.py:25: [C0123(unidiomatic-typecheck), log_call] Using type() instead of isinstance() for a typecheck.
bootstrapvz/common/tools.py:26: [W1202(logging-format-interpolation), log_call] Use % formatting in logging functions and pass the % parameters as arguments
bootstrapvz/common/tools.py:28: [W1202(logging-format-interpolation), log_call] Use % formatting in logging functions and pass the % parameters as arguments
bootstrapvz/common/tools.py:73: [W0403(relative-import), sed_i] Relative import 'exceptions', should be 'bootstrapvz.common.exceptions'
bootstrapvz/common/tools.py:96: [W0403(relative-import), load_json] Relative import 'minify_json', should be 'bootstrapvz.common.minify_json'
bootstrapvz/common/tools.py:102: [E0401(import-error), load_yaml] Unable to import 'yaml'
bootstrapvz/common/tools.py:108: [W0612(unused-variable), load_data] Unused variable 'filename'
bootstrapvz/common/tools.py:146: [W0621(redefined-outer-name), rel_path] Redefining name 'os' from outer scope (line 1)
************* Module bootstrapvz.common.releases
bootstrapvz/common/releases.py:60: [W0406(import-self), get_release] Module import itself
************* Module bootstrapvz.common.minify_json
bootstrapvz/common/minify_json.py:7: [C0303(trailing-whitespace), ] Trailing whitespace
bootstrapvz/common/minify_json.py:113: [C0303(trailing-whitespace), ] Trailing whitespace
bootstrapvz/common/minify_json.py:15: [W1401(anomalous-backslash-in-string), ] Anomalous backslash in string: '\*'. String constant might be missing an r prefix.
bootstrapvz/common/minify_json.py:15: [W1401(anomalous-backslash-in-string), ] Anomalous backslash in string: '\*'. String constant might be missing an r prefix.
bootstrapvz/common/minify_json.py:14: [W0621(redefined-outer-name), json_minify] Redefining name 'json' from outer scope (line 67)
************* Module bootstrapvz.common.bytes
bootstrapvz/common/bytes.py:35: [W1401(anomalous-backslash-in-string), ] Anomalous backslash in string: '\d'. String constant might be missing an r prefix.
bootstrapvz/common/bytes.py:1: [W0403(relative-import), ] Relative import 'exceptions', should be 'bootstrapvz.common.exceptions'
************* Module bootstrapvz.common.sectors
bootstrapvz/common/sectors.py:1: [W0403(relative-import), ] Relative import 'exceptions', should be 'bootstrapvz.common.exceptions'
bootstrapvz/common/sectors.py:2: [W0403(relative-import), ] Relative import 'bytes', should be 'bootstrapvz.common.bytes'
************* Module bootstrapvz.common.tasks.bootstrap
bootstrapvz/common/tasks/bootstrap.py:4: [W0403(relative-import), ] Relative import 'host', should be 'bootstrapvz.common.tasks.host'
bootstrapvz/common/tasks/bootstrap.py:27: [C1801(len-as-condition), get_bootstrap_args] Do not use `len(SEQUENCE)` as condition value
bootstrapvz/common/tasks/bootstrap.py:29: [C1801(len-as-condition), get_bootstrap_args] Do not use `len(SEQUENCE)` as condition value
bootstrapvz/common/tasks/bootstrap.py:38: [W0612(unused-variable), get_tarball_filename] Unused variable 'executable'
bootstrapvz/common/tasks/bootstrap.py:59: [W0612(unused-variable), MakeTarball.run] Unused variable 'err'
bootstrapvz/common/tasks/bootstrap.py:59: [W0612(unused-variable), MakeTarball.run] Unused variable 'out'
************* Module bootstrapvz.common.tasks.grub
bootstrapvz/common/tasks/grub.py:5: [W0403(relative-import), ] Relative import 'filesystem', should be 'bootstrapvz.common.tasks.filesystem'
bootstrapvz/common/tasks/grub.py:6: [W0403(relative-import), ] Relative import 'kernel', should be 'bootstrapvz.common.tasks.kernel'
bootstrapvz/common/tasks/grub.py:212: [C1801(len-as-condition), WriteGrubConfig.run] Do not use `len(SEQUENCE)` as condition value
bootstrapvz/common/tasks/grub.py:308: [E0632(unbalanced-tuple-unpacking), InstallGrub_1_99.run] Possible unbalanced tuple unpacking with sequence defined at line 45 of bootstrapvz.common.tools: left side has 1 label(s), right side has 0 value(s)
************* Module bootstrapvz.common.tasks.kernel
bootstrapvz/common/tasks/kernel.py:57: [W1202(logging-format-interpolation), DetermineKernelVersion.run] Use % formatting in logging functions and pass the % parameters as arguments
************* Module bootstrapvz.common.tasks.partitioning
bootstrapvz/common/tasks/partitioning.py:3: [W0403(relative-import), ] Relative import 'filesystem', should be 'bootstrapvz.common.tasks.filesystem'
bootstrapvz/common/tasks/partitioning.py:4: [W0403(relative-import), ] Relative import 'host', should be 'bootstrapvz.common.tasks.host'
bootstrapvz/common/tasks/partitioning.py:5: [W0403(relative-import), ] Relative import 'volume', should be 'bootstrapvz.common.tasks.volume'
************* Module bootstrapvz.common.tasks.host
bootstrapvz/common/tasks/host.py:22: [W1401(anomalous-backslash-in-string), ] Anomalous backslash in string: '\/'. String constant might be missing an r prefix.
bootstrapvz/common/tasks/host.py:22: [W1401(anomalous-backslash-in-string), ] Anomalous backslash in string: '\/'. String constant might be missing an r prefix.
bootstrapvz/common/tasks/host.py:31: [C1801(len-as-condition), CheckExternalCommands.run] Do not use `len(SEQUENCE)` as condition value
************* Module bootstrapvz.common.tasks.folder
bootstrapvz/common/tasks/folder.py:3: [W0403(relative-import), ] Relative import 'volume', should be 'bootstrapvz.common.tasks.volume'
bootstrapvz/common/tasks/folder.py:4: [W0403(relative-import), ] Relative import 'workspace', should be 'bootstrapvz.common.tasks.workspace'
************* Module bootstrapvz.common.tasks.filesystem
bootstrapvz/common/tasks/filesystem.py:4: [W0403(relative-import), ] Relative import 'bootstrap', should be 'bootstrapvz.common.tasks.bootstrap'
bootstrapvz/common/tasks/filesystem.py:5: [W0403(relative-import), ] Relative import 'host', should be 'bootstrapvz.common.tasks.host'
bootstrapvz/common/tasks/filesystem.py:6: [W0403(relative-import), ] Relative import 'volume', should be 'bootstrapvz.common.tasks.volume'
************* Module bootstrapvz.common.tasks.loopback
bootstrapvz/common/tasks/loopback.py:3: [W0403(relative-import), ] Relative import 'host', should be 'bootstrapvz.common.tasks.host'
bootstrapvz/common/tasks/loopback.py:4: [W0403(relative-import), ] Relative import 'volume', should be 'bootstrapvz.common.tasks.volume'
bootstrapvz/common/tasks/loopback.py:16: [C0123(unidiomatic-typecheck), AddRequiredCommands.run] Using type() instead of isinstance() for a typecheck.
************* Module bootstrapvz.common.tasks.packages
bootstrapvz/common/tasks/packages.py:71: [C0330(bad-continuation), ] Wrong continued indentation (remove 1 space).
                       ).format(free=free_mb)
                      |^
bootstrapvz/common/tasks/packages.py:3: [W0403(relative-import), ] Relative import 'apt', should be 'bootstrapvz.common.tasks.apt'
bootstrapvz/common/tasks/packages.py:49: [W0621(redefined-outer-name), InstallPackages.install_remote] Redefining name 'log_check_call' from outer scope (line 4)
************* Module bootstrapvz.common.tasks.volume
bootstrapvz/common/tasks/volume.py:3: [W0403(relative-import), ] Relative import 'workspace', should be 'bootstrapvz.common.tasks.workspace'
************* Module bootstrapvz.common.tasks.logicalvolume
bootstrapvz/common/tasks/logicalvolume.py:15: [C0123(unidiomatic-typecheck), AddRequiredCommands.run] Using type() instead of isinstance() for a typecheck.
************* Module bootstrapvz.common.tasks.apt
bootstrapvz/common/tasks/apt.py:5: [W0403(relative-import), ] Relative import 'locale', should be 'bootstrapvz.common.tasks.locale'
bootstrapvz/common/tasks/apt.py:169: [W0621(redefined-outer-name), WriteSources.run] Redefining name 'logging' from outer scope (line 6)
bootstrapvz/common/tasks/apt.py:169: [W0404(reimported), WriteSources.run] Reimport 'logging' (imported line 6)
************* Module bootstrapvz.common.tasks.extlinux
bootstrapvz/common/tasks/extlinux.py:4: [W0403(relative-import), ] Relative import 'filesystem', should be 'bootstrapvz.common.tasks.filesystem'
bootstrapvz/common/tasks/extlinux.py:5: [W0403(relative-import), ] Relative import 'kernel', should be 'bootstrapvz.common.tasks.kernel'
************* Module bootstrapvz.common.tasks.ssh
bootstrapvz/common/tasks/ssh.py:6: [W0403(relative-import), ] Relative import 'initd', should be 'bootstrapvz.common.tasks.initd'
bootstrapvz/common/tasks/ssh.py:121: [W0621(redefined-outer-name), ShredHostkeys.run] Redefining name 'log_check_call' from outer scope (line 3)
************* Module bootstrapvz.common.fs.qcow2volume
bootstrapvz/common/fs/qcow2volume.py:1: [W0403(relative-import), ] Relative import 'qemuvolume', should be 'bootstrapvz.common.fs.qemuvolume'
************* Module bootstrapvz.common.fs.virtualmachinedisk
bootstrapvz/common/fs/virtualmachinedisk.py:1: [W0403(relative-import), ] Relative import 'qemuvolume', should be 'bootstrapvz.common.fs.qemuvolume'
bootstrapvz/common/fs/virtualmachinedisk.py:13: [W0201(attribute-defined-outside-init), VirtualMachineDisk.get_uuid] Attribute 'uuid' defined outside __init__
************* Module bootstrapvz.common.fs.folder
bootstrapvz/common/fs/folder.py:30: [W0613(unused-argument), Folder._before_delete] Unused argument 'e'
bootstrapvz/common/fs/folder.py:27: [W0201(attribute-defined-outside-init), Folder._before_create] Attribute 'path' defined outside __init__
************* Module bootstrapvz.common.fs.qemuvolume
bootstrapvz/common/fs/qemuvolume.py:1: [W0403(relative-import), ] Relative import 'loopbackvolume', should be 'bootstrapvz.common.fs.loopbackvolume'
bootstrapvz/common/fs/qemuvolume.py:12: [E1101(no-member), QEMUVolume._before_create] Instance of 'QEMUVolume' has no 'qemu_format' member
bootstrapvz/common/fs/qemuvolume.py:71: [R1704(redefined-argument-from-local), QEMUVolume._module_param] Redefining argument with the local name 'param'
bootstrapvz/common/fs/qemuvolume.py:48: [W0201(attribute-defined-outside-init), QEMUVolume._before_attach] Attribute 'loop_device_path' defined outside __init__
bootstrapvz/common/fs/qemuvolume.py:9: [W0201(attribute-defined-outside-init), QEMUVolume._before_create] Attribute 'image_path' defined outside __init__
************* Module bootstrapvz.common.fs.__init__
bootstrapvz/common/fs/__init__.py:7: [W1401(anomalous-backslash-in-string), ] Anomalous backslash in string: '\d'. String constant might be missing an r prefix.
bootstrapvz/common/fs/__init__.py:7: [W1401(anomalous-backslash-in-string), ] Anomalous backslash in string: '\d'. String constant might be missing an r prefix.
bootstrapvz/common/fs/__init__.py:7: [W1401(anomalous-backslash-in-string), ] Anomalous backslash in string: '\d'. String constant might be missing an r prefix.
bootstrapvz/common/fs/__init__.py:7: [W1401(anomalous-backslash-in-string), ] Anomalous backslash in string: '\S'. String constant might be missing an r prefix.
************* Module bootstrapvz.common.fs.logicalvolume
bootstrapvz/common/fs/logicalvolume.py:28: [E0632(unbalanced-tuple-unpacking), LogicalVolume._before_attach] Possible unbalanced tuple unpacking with sequence defined at line 45 of bootstrapvz.common.tools: left side has 1 label(s), right side has 0 value(s)
bootstrapvz/common/fs/logicalvolume.py:26: [W0613(unused-argument), LogicalVolume._before_attach] Unused argument 'e'
bootstrapvz/common/fs/logicalvolume.py:32: [W0613(unused-argument), LogicalVolume._before_detach] Unused argument 'e'
bootstrapvz/common/fs/logicalvolume.py:28: [W0201(attribute-defined-outside-init), LogicalVolume._before_attach] Attribute 'loop_device_path' defined outside __init__
bootstrapvz/common/fs/logicalvolume.py:19: [W0201(attribute-defined-outside-init), LogicalVolume._before_create] Attribute 'image_path' defined outside __init__
************* Module bootstrapvz.common.fs.virtualharddisk
bootstrapvz/common/fs/virtualharddisk.py:1: [W0403(relative-import), ] Relative import 'qemuvolume', should be 'bootstrapvz.common.fs.qemuvolume'
bootstrapvz/common/fs/virtualharddisk.py:15: [W0201(attribute-defined-outside-init), VirtualHardDisk._before_create] Attribute 'image_path' defined outside __init__
bootstrapvz/common/fs/virtualharddisk.py:25: [W0201(attribute-defined-outside-init), VirtualHardDisk.get_uuid] Attribute 'uuid' defined outside __init__
************* Module bootstrapvz.common.fs.virtualdiskimage
bootstrapvz/common/fs/virtualdiskimage.py:1: [W0403(relative-import), ] Relative import 'qemuvolume', should be 'bootstrapvz.common.fs.qemuvolume'
************* Module bootstrapvz.common.fs.loopbackvolume
bootstrapvz/common/fs/loopbackvolume.py:19: [E0632(unbalanced-tuple-unpacking), LoopbackVolume._before_attach] Possible unbalanced tuple unpacking with sequence defined at line 45 of bootstrapvz.common.tools: left side has 1 label(s), right side has 0 value(s)
bootstrapvz/common/fs/loopbackvolume.py:18: [W0613(unused-argument), LoopbackVolume._before_attach] Unused argument 'e'
bootstrapvz/common/fs/loopbackvolume.py:23: [W0613(unused-argument), LoopbackVolume._before_detach] Unused argument 'e'
bootstrapvz/common/fs/loopbackvolume.py:28: [W0613(unused-argument), LoopbackVolume._before_delete] Unused argument 'e'
bootstrapvz/common/fs/loopbackvolume.py:19: [W0201(attribute-defined-outside-init), LoopbackVolume._before_attach] Attribute 'loop_device_path' defined outside __init__
bootstrapvz/common/fs/loopbackvolume.py:13: [W0201(attribute-defined-outside-init), LoopbackVolume._before_create] Attribute 'image_path' defined outside __init__
************* Module bootstrapvz.base.manifest
bootstrapvz/base/manifest.py:11: [R0902(too-many-instance-attributes), Manifest] Too many instance attributes (12/7)
bootstrapvz/base/manifest.py:131: [E0401(import-error), Manifest.schema_validator] Unable to import 'jsonschema'
************* Module bootstrapvz.base.log
bootstrapvz/base/log.py:29: [W0613(unused-argument), get_file_handler] Unused argument 'debug'
bootstrapvz/base/log.py:97: [E0401(import-error), ColorFormatter.format] Unable to import 'termcolor'
bootstrapvz/base/log.py:108: [W0235(useless-super-delegation), FileFormatter.format] Useless super delegation in method 'format'
************* Module bootstrapvz.base
bootstrapvz/base/__init__.py:1: [W0403(relative-import), ] Relative import 'phase', should be 'bootstrapvz.base.phase'
bootstrapvz/base/__init__.py:2: [W0403(relative-import), ] Relative import 'task', should be 'bootstrapvz.base.task'
bootstrapvz/base/__init__.py:3: [W0403(relative-import), ] Relative import 'main', should be 'bootstrapvz.base.main'
************* Module bootstrapvz.base.tasklist
bootstrapvz/base/tasklist.py:147: [C0330(bad-continuation), ] Wrong hanging indentation before block (add 4 spaces).
        [providers, 'bootstrapvz.providers']):
        ^   |
bootstrapvz/base/tasklist.py:155: [C0330(bad-continuation), ] Wrong hanging indentation before block (add 4 spaces).
        [plugins, 'bootstrapvz.plugins']):
        ^   |
bootstrapvz/base/tasklist.py:95: [W0110(deprecated-lambda), create_list] map/filter on lambda could be replaced by comprehension
bootstrapvz/base/tasklist.py:95: [W0640(cell-var-from-loop), create_list.<lambda>] Cell variable task defined in loop
bootstrapvz/base/tasklist.py:100: [W0110(deprecated-lambda), create_list] map/filter on lambda could be replaced by comprehension
bootstrapvz/base/tasklist.py:100: [W0640(cell-var-from-loop), create_list.<lambda>] Cell variable succeeding_phases defined in loop
bootstrapvz/base/tasklist.py:123: [W0110(deprecated-lambda), create_list] map/filter on lambda could be replaced by comprehension
bootstrapvz/base/tasklist.py:127: [R0914(too-many-locals), get_all_tasks] Too many local variables (18/15)
bootstrapvz/base/tasklist.py:169: [W0403(relative-import), get_all_tasks.is_task] Relative import 'task', should be 'bootstrapvz.base.task'
bootstrapvz/base/tasklist.py:146: [W0612(unused-variable), get_all_tasks] Unused variable 'ispkg'
bootstrapvz/base/tasklist.py:175: [W0102(dangerous-default-value), get_all_classes] Dangerous default value [] as argument
bootstrapvz/base/tasklist.py:190: [W0110(deprecated-lambda), get_all_classes.walk_error] map/filter on lambda could be replaced by comprehension
bootstrapvz/base/tasklist.py:190: [W0108(unnecessary-lambda), get_all_classes.walk_error.<lambda>] Lambda may not be necessary
bootstrapvz/base/tasklist.py:195: [W0110(deprecated-lambda), get_all_classes] map/filter on lambda could be replaced by comprehension
bootstrapvz/base/tasklist.py:195: [W0108(unnecessary-lambda), get_all_classes.<lambda>] Lambda may not be necessary
bootstrapvz/base/tasklist.py:195: [W0640(cell-var-from-loop), get_all_classes.<lambda>] Cell variable module_name defined in loop
bootstrapvz/base/tasklist.py:199: [W0612(unused-variable), get_all_classes] Unused variable 'class_name'
bootstrapvz/base/tasklist.py:230: [W1202(logging-format-interpolation), check_ordering] Use % formatting in logging functions and pass the % parameters as arguments
bootstrapvz/base/tasklist.py:252: [W1202(logging-format-interpolation), check_ordering] Use % formatting in logging functions and pass the % parameters as arguments
************* Module bootstrapvz.base.bootstrapinfo
bootstrapvz/base/bootstrapinfo.py:1: [R0902(too-many-instance-attributes), BootstrapInformation] Too many instance attributes (15/7)
bootstrapvz/base/bootstrapinfo.py:28: [W0403(relative-import), BootstrapInformation.__init__] Relative import 'fs', should be 'bootstrapvz.base.fs'
bootstrapvz/base/bootstrapinfo.py:44: [W0403(relative-import), BootstrapInformation.__init__] Relative import 'pkg.sourceslist', should be 'bootstrapvz.base.pkg.sourceslist'
bootstrapvz/base/bootstrapinfo.py:47: [W0403(relative-import), BootstrapInformation.__init__] Relative import 'pkg.preferenceslist', should be 'bootstrapvz.base.pkg.preferenceslist'
bootstrapvz/base/bootstrapinfo.py:50: [W0403(relative-import), BootstrapInformation.__init__] Relative import 'pkg.packagelist', should be 'bootstrapvz.base.pkg.packagelist'
bootstrapvz/base/bootstrapinfo.py:78: [W0102(dangerous-default-value), BootstrapInformation.__create_manifest_vars] Dangerous default value {} as argument
************* Module bootstrapvz.base.main
bootstrapvz/base/main.py:22: [W0403(relative-import), main] Relative import 'manifest', should be 'bootstrapvz.base.manifest'
bootstrapvz/base/main.py:35: [E0401(import-error), get_opts] Unable to import 'docopt'
bootstrapvz/base/main.py:66: [W0403(relative-import), setup_loggers] Relative import 'log', should be 'bootstrapvz.base.log'
bootstrapvz/base/main.py:88: [R0914(too-many-locals), run] Too many local variables (16/15)
bootstrapvz/base/main.py:100: [W0403(relative-import), run] Relative import 'tasklist', should be 'bootstrapvz.base.tasklist'
bootstrapvz/base/main.py:101: [W0403(relative-import), run] Relative import 'tasklist', should be 'bootstrapvz.base.tasklist'
bootstrapvz/base/main.py:108: [W0403(relative-import), run] Relative import 'bootstrapinfo', should be 'bootstrapvz.base.bootstrapinfo'
************* Module bootstrapvz.base.fs
bootstrapvz/base/fs/__init__.py:1: [R0914(too-many-locals), load_volume] Too many local variables (17/15)
bootstrapvz/base/fs/__init__.py:11: [W0403(relative-import), load_volume] Relative import 'partitionmaps.gpt', should be 'bootstrapvz.base.fs.partitionmaps.gpt'
bootstrapvz/base/fs/__init__.py:12: [W0403(relative-import), load_volume] Relative import 'partitionmaps.msdos', should be 'bootstrapvz.base.fs.partitionmaps.msdos'
bootstrapvz/base/fs/__init__.py:13: [W0403(relative-import), load_volume] Relative import 'partitionmaps.none', should be 'bootstrapvz.base.fs.partitionmaps.none'
************* Module bootstrapvz.base.fs.volume
bootstrapvz/base/fs/volume.py:5: [W0403(relative-import), ] Relative import 'partitionmaps.none', should be 'bootstrapvz.base.fs.partitionmaps.none'
bootstrapvz/base/fs/volume.py:65: [W0613(unused-argument), Volume.__init__.set_dev_path] Unused argument 'e'
bootstrapvz/base/fs/volume.py:81: [W0613(unused-argument), Volume._after_create] Unused argument 'e'
bootstrapvz/base/fs/volume.py:87: [W0613(unused-argument), Volume._check_blocking] Unused argument 'e'
bootstrapvz/base/fs/volume.py:139: [W0404(reimported), Volume._before_link_dm_node] Reimport 'os.path' (imported line 114)
bootstrapvz/base/fs/volume.py:160: [W0613(unused-argument), Volume._before_unlink_dm_node] Unused argument 'e'
bootstrapvz/base/fs/volume.py:146: [W0201(attribute-defined-outside-init), Volume._before_link_dm_node] Attribute 'dm_node_path' defined outside __init__
bootstrapvz/base/fs/volume.py:157: [W0201(attribute-defined-outside-init), Volume._before_link_dm_node] Attribute 'unlinked_device_path' defined outside __init__
bootstrapvz/base/fs/volume.py:145: [W0201(attribute-defined-outside-init), Volume._before_link_dm_node] Attribute 'dm_node_name' defined outside __init__
************* Module bootstrapvz.base.fs.partitionmaps.abstract
bootstrapvz/base/fs/partitionmaps/abstract.py:89: [W1401(anomalous-backslash-in-string), ] Anomalous backslash in string: '\d'. String constant might be missing an r prefix.
bootstrapvz/base/fs/partitionmaps/abstract.py:89: [W1401(anomalous-backslash-in-string), ] Anomalous backslash in string: '\d'. String constant might be missing an r prefix.
bootstrapvz/base/fs/partitionmaps/abstract.py:90: [W1401(anomalous-backslash-in-string), ] Anomalous backslash in string: '\d'. String constant might be missing an r prefix.
bootstrapvz/base/fs/partitionmaps/abstract.py:90: [W1401(anomalous-backslash-in-string), ] Anomalous backslash in string: '\d'. String constant might be missing an r prefix.
bootstrapvz/base/fs/partitionmaps/abstract.py:91: [W1401(anomalous-backslash-in-string), ] Anomalous backslash in string: '\d'. String constant might be missing an r prefix.
bootstrapvz/base/fs/partitionmaps/abstract.py:34: [W0613(unused-argument), AbstractPartitionMap.__init__] Unused argument 'bootloader'
bootstrapvz/base/fs/partitionmaps/abstract.py:60: [E1101(no-member), AbstractPartitionMap.get_total_size] Instance of 'AbstractPartitionMap' has no 'partitions' member
bootstrapvz/base/fs/partitionmaps/abstract.py:105: [E1101(no-member), AbstractPartitionMap._before_map] Instance of 'AbstractPartitionMap' has no 'partitions' member
bootstrapvz/base/fs/partitionmaps/abstract.py:108: [E1101(no-member), AbstractPartitionMap._before_map] Instance of 'AbstractPartitionMap' has no 'partitions' member
bootstrapvz/base/fs/partitionmaps/abstract.py:115: [E1101(no-member), AbstractPartitionMap._before_map] Instance of 'AbstractPartitionMap' has no 'partitions' member
bootstrapvz/base/fs/partitionmaps/abstract.py:108: [W0612(unused-variable), AbstractPartitionMap._before_map] Unused variable 'idx'
bootstrapvz/base/fs/partitionmaps/abstract.py:134: [E1101(no-member), AbstractPartitionMap._before_unmap] Instance of 'AbstractPartitionMap' has no 'partitions' member
bootstrapvz/base/fs/partitionmaps/abstract.py:142: [E1101(no-member), AbstractPartitionMap._before_unmap] Instance of 'AbstractPartitionMap' has no 'partitions' member
************* Module bootstrapvz.base.fs.partitionmaps.none
bootstrapvz/base/fs/partitionmaps/none.py:10: [W0613(unused-argument), NoPartitions.__init__] Unused argument 'bootloader'
************* Module bootstrapvz.base.fs.partitionmaps.msdos
bootstrapvz/base/fs/partitionmaps/msdos.py:1: [W0403(relative-import), ] Relative import 'abstract', should be 'bootstrapvz.base.fs.partitionmaps.abstract'
bootstrapvz/base/fs/partitionmaps/msdos.py:26: [C1801(len-as-condition), MSDOSPartitionMap.__init__.last_partition] Do not use `len(SEQUENCE)` as condition value
************* Module bootstrapvz.base.fs.partitionmaps.gpt
bootstrapvz/base/fs/partitionmaps/gpt.py:1: [W0403(relative-import), ] Relative import 'abstract', should be 'bootstrapvz.base.fs.partitionmaps.abstract'
bootstrapvz/base/fs/partitionmaps/gpt.py:24: [C1801(len-as-condition), GPTPartitionMap.__init__.last_partition] Do not use `len(SEQUENCE)` as condition value
************* Module bootstrapvz.base.fs.partitions.abstract
bootstrapvz/base/fs/partitions/abstract.py:8: [R0902(too-many-instance-attributes), AbstractPartition] Too many instance attributes (9/7)
bootstrapvz/base/fs/partitions/abstract.py:101: [W0110(deprecated-lambda), AbstractPartition._before_format] map/filter on lambda could be replaced by comprehension
bootstrapvz/base/fs/partitions/abstract.py:88: [W0613(unused-argument), AbstractPartition._before_format] Unused argument 'e'
bootstrapvz/base/fs/partitions/abstract.py:122: [W0613(unused-argument), AbstractPartition._after_mount] Unused argument 'e'
bootstrapvz/base/fs/partitions/abstract.py:130: [W0613(unused-argument), AbstractPartition._before_unmount] Unused argument 'e'
bootstrapvz/base/fs/partitions/abstract.py:141: [W0102(dangerous-default-value), AbstractPartition.add_mount] Dangerous default value [] as argument
bootstrapvz/base/fs/partitions/abstract.py:150: [W0403(relative-import), AbstractPartition.add_mount] Relative import 'mount', should be 'bootstrapvz.base.fs.partitions.mount'
bootstrapvz/base/fs/partitions/abstract.py:120: [W0201(attribute-defined-outside-init), AbstractPartition._before_mount] Attribute 'mount_dir' defined outside __init__
************* Module bootstrapvz.base.fs.partitions.msdos_swap
bootstrapvz/base/fs/partitions/msdos_swap.py:2: [W0403(relative-import), ] Relative import 'msdos', should be 'bootstrapvz.base.fs.partitions.msdos'
************* Module bootstrapvz.base.fs.partitions.single
bootstrapvz/base/fs/partitions/single.py:1: [W0403(relative-import), ] Relative import 'abstract', should be 'bootstrapvz.base.fs.partitions.abstract'
************* Module bootstrapvz.base.fs.partitions.mount
bootstrapvz/base/fs/partitions/mount.py:1: [W0403(relative-import), ] Relative import 'abstract', should be 'bootstrapvz.base.fs.partitions.abstract'
bootstrapvz/base/fs/partitions/mount.py:31: [W0201(attribute-defined-outside-init), Mount.mount] Attribute 'mount_dir' defined outside __init__
************* Module bootstrapvz.base.fs.partitions.msdos
bootstrapvz/base/fs/partitions/msdos.py:1: [W0403(relative-import), ] Relative import 'base', should be 'bootstrapvz.base.fs.partitions.base'
************* Module bootstrapvz.base.fs.partitions.unformatted
bootstrapvz/base/fs/partitions/unformatted.py:1: [W0403(relative-import), ] Relative import 'base', should be 'bootstrapvz.base.fs.partitions.base'
************* Module bootstrapvz.base.fs.partitions.gpt_swap
bootstrapvz/base/fs/partitions/gpt_swap.py:2: [W0403(relative-import), ] Relative import 'gpt', should be 'bootstrapvz.base.fs.partitions.gpt'
************* Module bootstrapvz.base.fs.partitions.base
bootstrapvz/base/fs/partitions/base.py:2: [W0403(relative-import), ] Relative import 'abstract', should be 'bootstrapvz.base.fs.partitions.abstract'
bootstrapvz/base/fs/partitions/base.py:85: [R1705(no-else-return), BasePartition.get_index] Unnecessary "else" after "return"
bootstrapvz/base/fs/partitions/base.py:98: [R1705(no-else-return), BasePartition.get_start] Unnecessary "else" after "return"
bootstrapvz/base/fs/partitions/base.py:168: [W0613(unused-argument), BasePartition._after_format] Unused argument 'e'
************* Module bootstrapvz.base.fs.partitions.gpt
bootstrapvz/base/fs/partitions/gpt.py:2: [W0403(relative-import), ] Relative import 'base', should be 'bootstrapvz.base.fs.partitions.base'
************* Module bootstrapvz.base.pkg.sourceslist
bootstrapvz/base/pkg/sourceslist.py:57: [W1401(anomalous-backslash-in-string), ] Anomalous backslash in string: '\s'. String constant might be missing an r prefix.
bootstrapvz/base/pkg/sourceslist.py:58: [W1401(anomalous-backslash-in-string), ] Anomalous backslash in string: '\['. String constant might be missing an r prefix.
bootstrapvz/base/pkg/sourceslist.py:58: [W1401(anomalous-backslash-in-string), ] Anomalous backslash in string: '\s'. String constant might be missing an r prefix.
bootstrapvz/base/pkg/sourceslist.py:58: [W1401(anomalous-backslash-in-string), ] Anomalous backslash in string: '\S'. String constant might be missing an r prefix.
bootstrapvz/base/pkg/sourceslist.py:58: [W1401(anomalous-backslash-in-string), ] Anomalous backslash in string: '\s'. String constant might be missing an r prefix.
bootstrapvz/base/pkg/sourceslist.py:58: [W1401(anomalous-backslash-in-string), ] Anomalous backslash in string: '\]'. String constant might be missing an r prefix.
bootstrapvz/base/pkg/sourceslist.py:58: [W1401(anomalous-backslash-in-string), ] Anomalous backslash in string: '\s'. String constant might be missing an r prefix.
bootstrapvz/base/pkg/sourceslist.py:59: [W1401(anomalous-backslash-in-string), ] Anomalous backslash in string: '\S'. String constant might be missing an r prefix.
bootstrapvz/base/pkg/sourceslist.py:59: [W1401(anomalous-backslash-in-string), ] Anomalous backslash in string: '\s'. String constant might be missing an r prefix.
bootstrapvz/base/pkg/sourceslist.py:60: [W1401(anomalous-backslash-in-string), ] Anomalous backslash in string: '\S'. String constant might be missing an r prefix.
bootstrapvz/base/pkg/sourceslist.py:61: [W1401(anomalous-backslash-in-string), ] Anomalous backslash in string: '\s'. String constant might be missing an r prefix.
bootstrapvz/base/pkg/sourceslist.py:61: [W1401(anomalous-backslash-in-string), ] Anomalous backslash in string: '\S'. String constant might be missing an r prefix.
bootstrapvz/base/pkg/sourceslist.py:61: [W1401(anomalous-backslash-in-string), ] Anomalous backslash in string: '\s'. String constant might be missing an r prefix.
bootstrapvz/base/pkg/sourceslist.py:64: [W0403(relative-import), Source.__init__] Relative import 'exceptions', should be 'bootstrapvz.base.pkg.exceptions'
bootstrapvz/base/pkg/sourceslist.py:83: [C1801(len-as-condition), Source.__str__] Do not use `len(SEQUENCE)` as condition value
bootstrapvz/base/pkg/sourceslist.py:87: [C1801(len-as-condition), Source.__str__] Do not use `len(SEQUENCE)` as condition value
************* Module bootstrapvz.base.pkg.packagelist
bootstrapvz/base/pkg/packagelist.py:96: [C0330(bad-continuation), ] Wrong continued indentation (remove 1 space).
                          ) and not self.source_lists.target_exists(target):
                         |^
bootstrapvz/base/pkg/packagelist.py:22: [R1705(no-else-return), PackageList.Remote.__str__] Unnecessary "else" after "return"
bootstrapvz/base/pkg/packagelist.py:58: [W0110(deprecated-lambda), PackageList.__init__.<lambda>] map/filter on lambda could be replaced by comprehension
bootstrapvz/base/pkg/packagelist.py:69: [W0403(relative-import), PackageList.add] Relative import 'exceptions', should be 'bootstrapvz.base.pkg.exceptions'
************* Module bootstrapvz.remote.server
bootstrapvz/remote/server.py:1: [E0401(import-error), ] Unable to import 'Pyro4'
bootstrapvz/remote/server.py:21: [W0403(relative-import), setup_logging] Relative import 'log', should be 'bootstrapvz.remote.log'
bootstrapvz/remote/server.py:38: [E0401(import-error), getopts] Unable to import 'docopt'
bootstrapvz/remote/server.py:72: [E1101(no-member), Server.ping] Instance of 'Server' has no 'connection_timeout' member
bootstrapvz/remote/server.py:73: [E1101(no-member), Server.ping] Instance of 'Server' has no 'connection_timeout' member
bootstrapvz/remote/server.py:122: [W0201(attribute-defined-outside-init), Server.run] Attribute 'bootstrap_process' defined outside __init__
************* Module bootstrapvz.remote
bootstrapvz/remote/__init__.py:3: [E0401(import-error), ] Unable to import 'Pyro4.util'
bootstrapvz/remote/__init__.py:69: [E0401(import-error), deserialize] Unable to import 'Pyro4.util'
bootstrapvz/remote/__init__.py:70: [E0401(import-error), deserialize] Unable to import 'Pyro4.errors'
************* Module bootstrapvz.remote.main
bootstrapvz/remote/main.py:18: [W0403(relative-import), main] Relative import 'build_servers', should be 'bootstrapvz.remote.build_servers'
bootstrapvz/remote/main.py:51: [E0401(import-error), get_opts] Unable to import 'docopt'
************* Module bootstrapvz.remote.build_servers.callback
bootstrapvz/remote/build_servers/callback.py:1: [E0401(import-error), ] Unable to import 'Pyro4'
bootstrapvz/remote/build_servers/callback.py:28: [W0622(redefined-builtin), CallbackServer.__exit__] Redefining built-in 'type'
bootstrapvz/remote/build_servers/callback.py:37: [W0621(redefined-outer-name), CallbackServer.handle_log] Redefining name 'log' from outer scope (line 5)
bootstrapvz/remote/build_servers/callback.py:23: [W0201(attribute-defined-outside-init), CallbackServer.__enter__] Attribute 'thread' defined outside __init__
************* Module bootstrapvz.remote.build_servers.remote
bootstrapvz/remote/build_servers/remote.py:1: [W0403(relative-import), ] Relative import 'build_server', should be 'bootstrapvz.remote.build_servers.build_server'
bootstrapvz/remote/build_servers/remote.py:25: [W0403(relative-import), RemoteBuildServer.connect] Relative import 'callback', should be 'bootstrapvz.remote.build_servers.callback'
bootstrapvz/remote/build_servers/remote.py:33: [R0914(too-many-locals), RemoteBuildServer.spawn_server] Too many local variables (16/15)
bootstrapvz/remote/build_servers/remote.py:38: [E0632(unbalanced-tuple-unpacking), RemoteBuildServer.spawn_server] Possible unbalanced tuple unpacking with sequence defined at line 39 of bootstrapvz.remote.build_servers: left side has 2 label(s), right side has 0 value(s)
bootstrapvz/remote/build_servers/remote.py:39: [E0632(unbalanced-tuple-unpacking), RemoteBuildServer.spawn_server] Possible unbalanced tuple unpacking with sequence defined at line 39 of bootstrapvz.remote.build_servers: left side has 2 label(s), right side has 0 value(s)
bootstrapvz/remote/build_servers/remote.py:63: [W1202(logging-format-interpolation), RemoteBuildServer.spawn_server] Use % formatting in logging functions and pass the % parameters as arguments
bootstrapvz/remote/build_servers/remote.py:95: [W1202(logging-format-interpolation), RemoteBuildServer.download] Use % formatting in logging functions and pass the % parameters as arguments
bootstrapvz/remote/build_servers/remote.py:107: [W1202(logging-format-interpolation), RemoteBuildServer.delete] Use % formatting in logging functions and pass the % parameters as arguments
bootstrapvz/remote/build_servers/remote.py:121: [E0401(import-error), connect_pyro] Unable to import 'Pyro4'
bootstrapvz/remote/build_servers/remote.py:148: [W0212(protected-access), connect_pyro] Access to a protected member _pyroRelease of a client class
************* Module bootstrapvz.remote.build_servers.local
bootstrapvz/remote/build_servers/local.py:1: [W0403(relative-import), ] Relative import 'build_server', should be 'bootstrapvz.remote.build_servers.build_server'
************* Module bootstrapvz.remote.build_servers
bootstrapvz/remote/build_servers/__init__.py:1: [W0102(dangerous-default-value), pick_build_server] Dangerous default value {} as argument
bootstrapvz/remote/build_servers/__init__.py:6: [E0401(import-error), pick_build_server] Unable to import 'jsonschema'
bootstrapvz/remote/build_servers/__init__.py:27: [R1705(no-else-return), pick_build_server] Unnecessary "else" after "return"
bootstrapvz/remote/build_servers/__init__.py:28: [W0403(relative-import), pick_build_server] Relative import 'local', should be 'bootstrapvz.remote.build_servers.local'
bootstrapvz/remote/build_servers/__init__.py:31: [W0403(relative-import), pick_build_server] Relative import 'remote', should be 'bootstrapvz.remote.build_servers.remote'
bootstrapvz/remote/build_servers/__init__.py:40: [W0612(unused-variable), getNPorts] Unused variable 'i'
************* Module bootstrapvz.remote.build_servers.build_server
bootstrapvz/remote/build_servers/build_server.py:1: [R0401(cyclic-import), ] Cyclic import (bootstrapvz.base.phase -> bootstrapvz.common.phases)
bootstrapvz/remote/build_servers/build_server.py:1: [R0401(cyclic-import), ] Cyclic import (bootstrapvz.base -> bootstrapvz.base.main -> bootstrapvz.base.manifest)
bootstrapvz/remote/build_servers/build_server.py:1: [R0401(cyclic-import), ] Cyclic import (bootstrapvz.base.fs.partitions.abstract -> bootstrapvz.base.fs.partitions.mount)
bootstrapvz/remote/build_servers/build_server.py:1: [R0401(cyclic-import), ] Cyclic import (bootstrapvz.remote.build_servers -> bootstrapvz.remote.build_servers.remote)
bootstrapvz/remote/build_servers/build_server.py:1: [R0401(cyclic-import), ] Cyclic import (bootstrapvz.plugins.cloud_init -> bootstrapvz.plugins.cloud_init.tasks)

-----------------------------------
Your code has been rated at 8.79/10

